<?xml version="1.0" encoding="UTF-8"?>
<testsuite xmlns:xsi="http://www.w3.org/2001/XMLSchema-instance" xsi:noNamespaceSchemaLocation="https://maven.apache.org/surefire/maven-surefire-plugin/xsd/surefire-test-report-3.0.xsd" version="3.0" name="Tests.WeatherShopperTest" time="21.254" tests="3" errors="0" skipped="0" failures="0">
  <properties>
    <property name="java.specification.version" value="17"/>
    <property name="webdriver.chrome.driver" value="/Users/oloruntobi.aremu@goflink.com/.cache/selenium/chromedriver/mac64/114.0.5735.90/chromedriver"/>
    <property name="sun.jnu.encoding" value="UTF-8"/>
    <property name="sun.awt.enableExtraMouseButtons" value="true"/>
    <property name="java.class.path" value="/Users/oloruntobi.aremu@goflink.com/BeyonnexAutomation/target/test-classes:/Users/oloruntobi.aremu@goflink.com/BeyonnexAutomation/target/classes:/Users/oloruntobi.aremu@goflink.com/.m2/repository/org/seleniumhq/selenium/selenium-java/3.141.59/selenium-java-3.141.59.jar:/Users/oloruntobi.aremu@goflink.com/.m2/repository/org/seleniumhq/selenium/selenium-api/3.141.59/selenium-api-3.141.59.jar:/Users/oloruntobi.aremu@goflink.com/.m2/repository/org/seleniumhq/selenium/selenium-chrome-driver/3.141.59/selenium-chrome-driver-3.141.59.jar:/Users/oloruntobi.aremu@goflink.com/.m2/repository/org/seleniumhq/selenium/selenium-edge-driver/3.141.59/selenium-edge-driver-3.141.59.jar:/Users/oloruntobi.aremu@goflink.com/.m2/repository/org/seleniumhq/selenium/selenium-firefox-driver/3.141.59/selenium-firefox-driver-3.141.59.jar:/Users/oloruntobi.aremu@goflink.com/.m2/repository/org/seleniumhq/selenium/selenium-ie-driver/3.141.59/selenium-ie-driver-3.141.59.jar:/Users/oloruntobi.aremu@goflink.com/.m2/repository/org/seleniumhq/selenium/selenium-opera-driver/3.141.59/selenium-opera-driver-3.141.59.jar:/Users/oloruntobi.aremu@goflink.com/.m2/repository/org/seleniumhq/selenium/selenium-remote-driver/3.141.59/selenium-remote-driver-3.141.59.jar:/Users/oloruntobi.aremu@goflink.com/.m2/repository/org/seleniumhq/selenium/selenium-safari-driver/3.141.59/selenium-safari-driver-3.141.59.jar:/Users/oloruntobi.aremu@goflink.com/.m2/repository/org/seleniumhq/selenium/selenium-support/3.141.59/selenium-support-3.141.59.jar:/Users/oloruntobi.aremu@goflink.com/.m2/repository/net/bytebuddy/byte-buddy/1.8.15/byte-buddy-1.8.15.jar:/Users/oloruntobi.aremu@goflink.com/.m2/repository/org/apache/commons/commons-exec/1.3/commons-exec-1.3.jar:/Users/oloruntobi.aremu@goflink.com/.m2/repository/com/google/guava/guava/25.0-jre/guava-25.0-jre.jar:/Users/oloruntobi.aremu@goflink.com/.m2/repository/org/checkerframework/checker-compat-qual/2.0.0/checker-compat-qual-2.0.0.jar:/Users/oloruntobi.aremu@goflink.com/.m2/repository/com/google/errorprone/error_prone_annotations/2.1.3/error_prone_annotations-2.1.3.jar:/Users/oloruntobi.aremu@goflink.com/.m2/repository/com/google/j2objc/j2objc-annotations/1.1/j2objc-annotations-1.1.jar:/Users/oloruntobi.aremu@goflink.com/.m2/repository/org/codehaus/mojo/animal-sniffer-annotations/1.14/animal-sniffer-annotations-1.14.jar:/Users/oloruntobi.aremu@goflink.com/.m2/repository/com/squareup/okhttp3/okhttp/3.11.0/okhttp-3.11.0.jar:/Users/oloruntobi.aremu@goflink.com/.m2/repository/com/squareup/okio/okio/1.14.0/okio-1.14.0.jar:/Users/oloruntobi.aremu@goflink.com/.m2/repository/com/aventstack/extentreports/4.0.0/extentreports-4.0.0.jar:/Users/oloruntobi.aremu@goflink.com/.m2/repository/org/freemarker/freemarker/2.3.23/freemarker-2.3.23.jar:/Users/oloruntobi.aremu@goflink.com/.m2/repository/org/mongodb/mongodb-driver/3.3.0/mongodb-driver-3.3.0.jar:/Users/oloruntobi.aremu@goflink.com/.m2/repository/org/mongodb/mongodb-driver-core/3.3.0/mongodb-driver-core-3.3.0.jar:/Users/oloruntobi.aremu@goflink.com/.m2/repository/org/mongodb/bson/3.3.0/bson-3.3.0.jar:/Users/oloruntobi.aremu@goflink.com/.m2/repository/org/apache/httpcomponents/httpclient/4.5.2/httpclient-4.5.2.jar:/Users/oloruntobi.aremu@goflink.com/.m2/repository/org/apache/httpcomponents/httpcore/4.4.4/httpcore-4.4.4.jar:/Users/oloruntobi.aremu@goflink.com/.m2/repository/commons-logging/commons-logging/1.2/commons-logging-1.2.jar:/Users/oloruntobi.aremu@goflink.com/.m2/repository/commons-codec/commons-codec/1.9/commons-codec-1.9.jar:/Users/oloruntobi.aremu@goflink.com/.m2/repository/org/apache/httpcomponents/httpmime/4.5.2/httpmime-4.5.2.jar:/Users/oloruntobi.aremu@goflink.com/.m2/repository/com/google/code/gson/gson/2.8.5/gson-2.8.5.jar:/Users/oloruntobi.aremu@goflink.com/.m2/repository/com/automation-remarks/video-recorder-testng/2.0/video-recorder-testng-2.0.jar:/Users/oloruntobi.aremu@goflink.com/.m2/repository/com/automation-remarks/video-recorder-core/2.0/video-recorder-core-2.0.jar:/Users/oloruntobi.aremu@goflink.com/.m2/repository/org/aeonbits/owner/owner-java8/1.0.10/owner-java8-1.0.10.jar:/Users/oloruntobi.aremu@goflink.com/.m2/repository/org/aeonbits/owner/owner/1.0.10/owner-1.0.10.jar:/Users/oloruntobi.aremu@goflink.com/.m2/repository/org/zeroturnaround/zt-exec/1.10/zt-exec-1.10.jar:/Users/oloruntobi.aremu@goflink.com/.m2/repository/org/awaitility/awaitility/3.1.6/awaitility-3.1.6.jar:/Users/oloruntobi.aremu@goflink.com/.m2/repository/org/hamcrest/hamcrest-library/1.3/hamcrest-library-1.3.jar:/Users/oloruntobi.aremu@goflink.com/.m2/repository/org/hamcrest/hamcrest-core/1.3/hamcrest-core-1.3.jar:/Users/oloruntobi.aremu@goflink.com/.m2/repository/org/objenesis/objenesis/2.6/objenesis-2.6.jar:/Users/oloruntobi.aremu@goflink.com/.m2/repository/log4j/log4j/1.2.17/log4j-1.2.17.jar:/Users/oloruntobi.aremu@goflink.com/.m2/repository/org/json/json/20180813/json-20180813.jar:/Users/oloruntobi.aremu@goflink.com/.m2/repository/io/github/bonigarcia/webdrivermanager/4.2.2/webdrivermanager-4.2.2.jar:/Users/oloruntobi.aremu@goflink.com/.m2/repository/org/slf4j/slf4j-api/1.7.30/slf4j-api-1.7.30.jar:/Users/oloruntobi.aremu@goflink.com/.m2/repository/commons-io/commons-io/2.8.0/commons-io-2.8.0.jar:/Users/oloruntobi.aremu@goflink.com/.m2/repository/org/apache/commons/commons-lang3/3.11/commons-lang3-3.11.jar:/Users/oloruntobi.aremu@goflink.com/.m2/repository/org/apache/httpcomponents/client5/httpclient5/5.0.1/httpclient5-5.0.1.jar:/Users/oloruntobi.aremu@goflink.com/.m2/repository/org/apache/httpcomponents/core5/httpcore5/5.0.1/httpcore5-5.0.1.jar:/Users/oloruntobi.aremu@goflink.com/.m2/repository/org/apache/httpcomponents/core5/httpcore5-h2/5.0.1/httpcore5-h2-5.0.1.jar:/Users/oloruntobi.aremu@goflink.com/.m2/repository/org/rauschig/jarchivelib/1.1.0/jarchivelib-1.1.0.jar:/Users/oloruntobi.aremu@goflink.com/.m2/repository/org/apache/commons/commons-compress/1.20/commons-compress-1.20.jar:/Users/oloruntobi.aremu@goflink.com/.m2/repository/org/jsoup/jsoup/1.13.1/jsoup-1.13.1.jar:/Users/oloruntobi.aremu@goflink.com/.m2/repository/org/testng/testng/7.6.1/testng-7.6.1.jar:/Users/oloruntobi.aremu@goflink.com/.m2/repository/com/google/code/findbugs/jsr305/3.0.2/jsr305-3.0.2.jar:/Users/oloruntobi.aremu@goflink.com/.m2/repository/com/beust/jcommander/1.82/jcommander-1.82.jar:/Users/oloruntobi.aremu@goflink.com/.m2/repository/org/webjars/jquery/3.6.0/jquery-3.6.0.jar:"/>
    <property name="java.vm.vendor" value="Oracle Corporation"/>
    <property name="sun.arch.data.model" value="64"/>
    <property name="sun.font.fontmanager" value="sun.font.CFontManager"/>
    <property name="java.vendor.url" value="https://java.oracle.com/"/>
    <property name="user.timezone" value="Europe/Berlin"/>
    <property name="os.name" value="Mac OS X"/>
    <property name="java.vm.specification.version" value="17"/>
    <property name="sun.java.launcher" value="SUN_STANDARD"/>
    <property name="user.country" value="GB"/>
    <property name="sun.boot.library.path" value="/Library/Java/JavaVirtualMachines/jdk-17.0.5.jdk/Contents/Home/lib"/>
    <property name="sun.java.command" value="/Users/oloruntobi.aremu@goflink.com/BeyonnexAutomation/target/surefire/surefirebooter-20230723185811901_3.jar /Users/oloruntobi.aremu@goflink.com/BeyonnexAutomation/target/surefire 2023-07-23T18-58-11_537-jvmRun1 surefire-20230723185811901_1tmp surefire_0-20230723185811901_2tmp"/>
    <property name="jdk.debug" value="release"/>
    <property name="test" value="WeatherShopperTest"/>
    <property name="surefire.test.class.path" value="/Users/oloruntobi.aremu@goflink.com/BeyonnexAutomation/target/test-classes:/Users/oloruntobi.aremu@goflink.com/BeyonnexAutomation/target/classes:/Users/oloruntobi.aremu@goflink.com/.m2/repository/org/seleniumhq/selenium/selenium-java/3.141.59/selenium-java-3.141.59.jar:/Users/oloruntobi.aremu@goflink.com/.m2/repository/org/seleniumhq/selenium/selenium-api/3.141.59/selenium-api-3.141.59.jar:/Users/oloruntobi.aremu@goflink.com/.m2/repository/org/seleniumhq/selenium/selenium-chrome-driver/3.141.59/selenium-chrome-driver-3.141.59.jar:/Users/oloruntobi.aremu@goflink.com/.m2/repository/org/seleniumhq/selenium/selenium-edge-driver/3.141.59/selenium-edge-driver-3.141.59.jar:/Users/oloruntobi.aremu@goflink.com/.m2/repository/org/seleniumhq/selenium/selenium-firefox-driver/3.141.59/selenium-firefox-driver-3.141.59.jar:/Users/oloruntobi.aremu@goflink.com/.m2/repository/org/seleniumhq/selenium/selenium-ie-driver/3.141.59/selenium-ie-driver-3.141.59.jar:/Users/oloruntobi.aremu@goflink.com/.m2/repository/org/seleniumhq/selenium/selenium-opera-driver/3.141.59/selenium-opera-driver-3.141.59.jar:/Users/oloruntobi.aremu@goflink.com/.m2/repository/org/seleniumhq/selenium/selenium-remote-driver/3.141.59/selenium-remote-driver-3.141.59.jar:/Users/oloruntobi.aremu@goflink.com/.m2/repository/org/seleniumhq/selenium/selenium-safari-driver/3.141.59/selenium-safari-driver-3.141.59.jar:/Users/oloruntobi.aremu@goflink.com/.m2/repository/org/seleniumhq/selenium/selenium-support/3.141.59/selenium-support-3.141.59.jar:/Users/oloruntobi.aremu@goflink.com/.m2/repository/net/bytebuddy/byte-buddy/1.8.15/byte-buddy-1.8.15.jar:/Users/oloruntobi.aremu@goflink.com/.m2/repository/org/apache/commons/commons-exec/1.3/commons-exec-1.3.jar:/Users/oloruntobi.aremu@goflink.com/.m2/repository/com/google/guava/guava/25.0-jre/guava-25.0-jre.jar:/Users/oloruntobi.aremu@goflink.com/.m2/repository/org/checkerframework/checker-compat-qual/2.0.0/checker-compat-qual-2.0.0.jar:/Users/oloruntobi.aremu@goflink.com/.m2/repository/com/google/errorprone/error_prone_annotations/2.1.3/error_prone_annotations-2.1.3.jar:/Users/oloruntobi.aremu@goflink.com/.m2/repository/com/google/j2objc/j2objc-annotations/1.1/j2objc-annotations-1.1.jar:/Users/oloruntobi.aremu@goflink.com/.m2/repository/org/codehaus/mojo/animal-sniffer-annotations/1.14/animal-sniffer-annotations-1.14.jar:/Users/oloruntobi.aremu@goflink.com/.m2/repository/com/squareup/okhttp3/okhttp/3.11.0/okhttp-3.11.0.jar:/Users/oloruntobi.aremu@goflink.com/.m2/repository/com/squareup/okio/okio/1.14.0/okio-1.14.0.jar:/Users/oloruntobi.aremu@goflink.com/.m2/repository/com/aventstack/extentreports/4.0.0/extentreports-4.0.0.jar:/Users/oloruntobi.aremu@goflink.com/.m2/repository/org/freemarker/freemarker/2.3.23/freemarker-2.3.23.jar:/Users/oloruntobi.aremu@goflink.com/.m2/repository/org/mongodb/mongodb-driver/3.3.0/mongodb-driver-3.3.0.jar:/Users/oloruntobi.aremu@goflink.com/.m2/repository/org/mongodb/mongodb-driver-core/3.3.0/mongodb-driver-core-3.3.0.jar:/Users/oloruntobi.aremu@goflink.com/.m2/repository/org/mongodb/bson/3.3.0/bson-3.3.0.jar:/Users/oloruntobi.aremu@goflink.com/.m2/repository/org/apache/httpcomponents/httpclient/4.5.2/httpclient-4.5.2.jar:/Users/oloruntobi.aremu@goflink.com/.m2/repository/org/apache/httpcomponents/httpcore/4.4.4/httpcore-4.4.4.jar:/Users/oloruntobi.aremu@goflink.com/.m2/repository/commons-logging/commons-logging/1.2/commons-logging-1.2.jar:/Users/oloruntobi.aremu@goflink.com/.m2/repository/commons-codec/commons-codec/1.9/commons-codec-1.9.jar:/Users/oloruntobi.aremu@goflink.com/.m2/repository/org/apache/httpcomponents/httpmime/4.5.2/httpmime-4.5.2.jar:/Users/oloruntobi.aremu@goflink.com/.m2/repository/com/google/code/gson/gson/2.8.5/gson-2.8.5.jar:/Users/oloruntobi.aremu@goflink.com/.m2/repository/com/automation-remarks/video-recorder-testng/2.0/video-recorder-testng-2.0.jar:/Users/oloruntobi.aremu@goflink.com/.m2/repository/com/automation-remarks/video-recorder-core/2.0/video-recorder-core-2.0.jar:/Users/oloruntobi.aremu@goflink.com/.m2/repository/org/aeonbits/owner/owner-java8/1.0.10/owner-java8-1.0.10.jar:/Users/oloruntobi.aremu@goflink.com/.m2/repository/org/aeonbits/owner/owner/1.0.10/owner-1.0.10.jar:/Users/oloruntobi.aremu@goflink.com/.m2/repository/org/zeroturnaround/zt-exec/1.10/zt-exec-1.10.jar:/Users/oloruntobi.aremu@goflink.com/.m2/repository/org/awaitility/awaitility/3.1.6/awaitility-3.1.6.jar:/Users/oloruntobi.aremu@goflink.com/.m2/repository/org/hamcrest/hamcrest-library/1.3/hamcrest-library-1.3.jar:/Users/oloruntobi.aremu@goflink.com/.m2/repository/org/hamcrest/hamcrest-core/1.3/hamcrest-core-1.3.jar:/Users/oloruntobi.aremu@goflink.com/.m2/repository/org/objenesis/objenesis/2.6/objenesis-2.6.jar:/Users/oloruntobi.aremu@goflink.com/.m2/repository/log4j/log4j/1.2.17/log4j-1.2.17.jar:/Users/oloruntobi.aremu@goflink.com/.m2/repository/org/json/json/20180813/json-20180813.jar:/Users/oloruntobi.aremu@goflink.com/.m2/repository/io/github/bonigarcia/webdrivermanager/4.2.2/webdrivermanager-4.2.2.jar:/Users/oloruntobi.aremu@goflink.com/.m2/repository/org/slf4j/slf4j-api/1.7.30/slf4j-api-1.7.30.jar:/Users/oloruntobi.aremu@goflink.com/.m2/repository/commons-io/commons-io/2.8.0/commons-io-2.8.0.jar:/Users/oloruntobi.aremu@goflink.com/.m2/repository/org/apache/commons/commons-lang3/3.11/commons-lang3-3.11.jar:/Users/oloruntobi.aremu@goflink.com/.m2/repository/org/apache/httpcomponents/client5/httpclient5/5.0.1/httpclient5-5.0.1.jar:/Users/oloruntobi.aremu@goflink.com/.m2/repository/org/apache/httpcomponents/core5/httpcore5/5.0.1/httpcore5-5.0.1.jar:/Users/oloruntobi.aremu@goflink.com/.m2/repository/org/apache/httpcomponents/core5/httpcore5-h2/5.0.1/httpcore5-h2-5.0.1.jar:/Users/oloruntobi.aremu@goflink.com/.m2/repository/org/rauschig/jarchivelib/1.1.0/jarchivelib-1.1.0.jar:/Users/oloruntobi.aremu@goflink.com/.m2/repository/org/apache/commons/commons-compress/1.20/commons-compress-1.20.jar:/Users/oloruntobi.aremu@goflink.com/.m2/repository/org/jsoup/jsoup/1.13.1/jsoup-1.13.1.jar:/Users/oloruntobi.aremu@goflink.com/.m2/repository/org/testng/testng/7.6.1/testng-7.6.1.jar:/Users/oloruntobi.aremu@goflink.com/.m2/repository/com/google/code/findbugs/jsr305/3.0.2/jsr305-3.0.2.jar:/Users/oloruntobi.aremu@goflink.com/.m2/repository/com/beust/jcommander/1.82/jcommander-1.82.jar:/Users/oloruntobi.aremu@goflink.com/.m2/repository/org/webjars/jquery/3.6.0/jquery-3.6.0.jar:"/>
    <property name="sun.cpu.endian" value="little"/>
    <property name="user.home" value="/Users/oloruntobi.aremu@goflink.com"/>
    <property name="user.language" value="en"/>
    <property name="java.specification.vendor" value="Oracle Corporation"/>
    <property name="java.version.date" value="2022-10-18"/>
    <property name="java.home" value="/Library/Java/JavaVirtualMachines/jdk-17.0.5.jdk/Contents/Home"/>
    <property name="file.separator" value="/"/>
    <property name="basedir" value="/Users/oloruntobi.aremu@goflink.com/BeyonnexAutomation"/>
    <property name="java.vm.compressedOopsMode" value="Zero based"/>
    <property name="line.separator" value="&#10;"/>
    <property name="java.specification.name" value="Java Platform API Specification"/>
    <property name="java.vm.specification.vendor" value="Oracle Corporation"/>
    <property name="surefire.real.class.path" value="/Users/oloruntobi.aremu@goflink.com/BeyonnexAutomation/target/surefire/surefirebooter-20230723185811901_3.jar"/>
    <property name="video.save.mode" value="ALL"/>
    <property name="sun.management.compiler" value="HotSpot 64-Bit Tiered Compilers"/>
    <property name="java.runtime.version" value="17.0.5+9-LTS-191"/>
    <property name="user.name" value="oloruntobi.aremu@goflink.com"/>
    <property name="path.separator" value=":"/>
    <property name="os.version" value="13.4.1"/>
    <property name="java.runtime.name" value="Java(TM) SE Runtime Environment"/>
    <property name="file.encoding" value="UTF-8"/>
    <property name="java.vm.name" value="Java HotSpot(TM) 64-Bit Server VM"/>
    <property name="localRepository" value="/Users/oloruntobi.aremu@goflink.com/.m2/repository"/>
    <property name="java.vendor.url.bug" value="https://bugreport.java.com/bugreport/"/>
    <property name="java.io.tmpdir" value="/var/folders/dn/gdq452qx72g83j6b6ndb6s5h0000gq/T/"/>
    <property name="java.version" value="17.0.5"/>
    <property name="user.dir" value="/Users/oloruntobi.aremu@goflink.com/BeyonnexAutomation"/>
    <property name="os.arch" value="x86_64"/>
    <property name="java.vm.specification.name" value="Java Virtual Machine Specification"/>
    <property name="native.encoding" value="UTF-8"/>
    <property name="java.library.path" value="/Users/oloruntobi.aremu@goflink.com/Library/Java/Extensions:/Library/Java/Extensions:/Network/Library/Java/Extensions:/System/Library/Java/Extensions:/usr/lib/java:."/>
    <property name="java.vm.info" value="mixed mode, sharing"/>
    <property name="java.vendor" value="Oracle Corporation"/>
    <property name="java.vm.version" value="17.0.5+9-LTS-191"/>
    <property name="sun.io.unicode.encoding" value="UnicodeBig"/>
    <property name="java.class.version" value="61.0"/>
  </properties>
  <testcase name="SelectProductTest" classname="Tests.WeatherShopperTest" time="1.131">
    <system-out><![CDATA[Successfully got text '47 °C' from element with locator 'By.xpath: //span[@id='temperature']'
Successfully clicked on element with locator 'By.xpath: //*[text()='Buy sunscreens']'
sunscreens
]]></system-out>
    <system-err><![CDATA[SLF4J: Failed to load class "org.slf4j.impl.StaticLoggerBinder".
SLF4J: Defaulting to no-operation (NOP) logger implementation
SLF4J: See http://www.slf4j.org/codes.html#StaticLoggerBinder for further details.
Starting ChromeDriver 114.0.5735.90 (386bc09e8f4f2e025eddae123f36f6263096ae49-refs/branch-heads/5735@{#1052}) on port 47386
Only local connections are allowed.
Please see https://chromedriver.chromium.org/security-considerations for suggestions on keeping ChromeDriver safe.
ChromeDriver was started successfully.
Jul 23, 2023 6:58:16 PM org.openqa.selenium.remote.ProtocolHandshake createSession
INFO: Detected dialect: W3C
log4j:WARN No appenders could be found for logger (com.automation.remarks.video.recorder.monte.MonteRecorder).
log4j:WARN Please initialize the log4j system properly.
log4j:WARN See http://logging.apache.org/log4j/1.2/faq.html#noconfig for more info.
]]></system-err>
  </testcase>
  <testcase name="SelectLeastPrice" classname="Tests.WeatherShopperTest" time="1.933">
    <system-out><![CDATA[Successfully clicked on element with locator 'By.cssSelector: .thin-text.nav-link'
Successfully clicked on element with locator 'By.cssSelector: button[type='submit'] span'
]]></system-out>
  </testcase>
  <testcase name="CheckoutTest" classname="Tests.WeatherShopperTest" time="7.569">
    <system-out><![CDATA[Successfully wrote text '737' in element with locator 'By.id: cc-csc'
Successfully clicked on element with locator 'By.className: iconTick'
Successfully got text 'Your payment was successful. You should receive a follow-up call from our sales team.' from element with locator 'By.cssSelector: .text-justify'
]]></system-out>
  </testcase>
</testsuite>