<?xml version="1.0" encoding="UTF-8"?>
<!-- Generated by org.testng.reporters.JUnitReportReporter -->
<testsuite hostname="Oloruntobis-MBP.fritz.box" failures="0" tests="3" name="Tests.WeatherShopperTest" time="14.004" errors="0" timestamp="2023-07-23T18:58:33 CEST" skipped="0">
  <testcase classname="Tests.WeatherShopperTest" name="SelectProductTest" time="3.158"/>
  <system-out/>
  <testcase classname="Tests.WeatherShopperTest" name="SelectLeastPrice" time="2.945"/>
  <system-out/>
  <testcase classname="Tests.WeatherShopperTest" name="CheckoutTest" time="7.901"/>
  <system-out/>
</testsuite> <!-- Tests.WeatherShopperTest -->
